[2025-11-27 15:38:58,002: INFO: main: >>>>>> Data Ingestion Stage started <<<<<<]
[2025-11-27 15:38:58,028: INFO: common: YAML file config\config.yaml loaded successfully]
[2025-11-27 15:38:58,048: INFO: common: YAML file params.yaml loaded successfully]
[2025-11-27 15:38:58,049: INFO: common: created directory at: artifacts]
[2025-11-27 15:38:58,051: INFO: common: created directory at: artifacts/data_ingestion]
[2025-11-27 15:39:10,805: INFO: data_ingestion: artifacts\data_ingestion\data.zip download! with following info: 
Connection: close
Content-Length: 11616915
Cache-Control: max-age=300
Content-Security-Policy: default-src 'none'; style-src 'unsafe-inline'; sandbox
Content-Type: application/zip
ETag: "adf745abc03891fe493c3be264ec012691fe3fa21d861f35a27edbe6d86a76b1"
Strict-Transport-Security: max-age=31536000
X-Content-Type-Options: nosniff
X-Frame-Options: deny
X-XSS-Protection: 1; mode=block
X-GitHub-Request-Id: F530:382844:234B6A:3F63D6:69282337
Accept-Ranges: bytes
Date: Thu, 27 Nov 2025 10:09:01 GMT
Via: 1.1 varnish
X-Served-By: cache-del21732-DEL
X-Cache: MISS
X-Cache-Hits: 0
X-Timer: S1764238140.222960,VS0,VE985
Vary: Authorization,Accept-Encoding
Access-Control-Allow-Origin: *
Cross-Origin-Resource-Policy: cross-origin
X-Fastly-Request-ID: 009a5ebd30cc4bcfdb8860c46dd90fae3eeac7a1
Expires: Thu, 27 Nov 2025 10:14:01 GMT
Source-Age: 1

]
[2025-11-27 15:39:11,649: INFO: main: >>>>>> Data Ingestion Stage completed <<<<<<

x==========x]
[2025-12-01 14:03:32,446: INFO: main: >>>>>> Data Ingestion Stage started <<<<<<]
[2025-12-01 14:03:32,496: INFO: common: YAML file config\config.yaml loaded successfully]
[2025-12-01 14:03:32,504: INFO: common: YAML file params.yaml loaded successfully]
[2025-12-01 14:03:32,505: INFO: common: created directory at: artifacts]
[2025-12-01 14:03:32,505: INFO: common: created directory at: artifacts/data_ingestion]
[2025-12-01 14:03:32,506: INFO: data_ingestion: File already exists of size: ~ 11345 KB]
[2025-12-01 14:03:34,042: INFO: main: >>>>>> Data Ingestion Stage completed <<<<<<

x==========x]
[2025-12-03 12:57:51,153: INFO: common: YAML file config\config.yaml loaded successfully]
[2025-12-03 12:57:51,182: INFO: common: YAML file params.yaml loaded successfully]
[2025-12-03 12:57:51,182: INFO: common: created directory at: artifacts]
[2025-12-03 12:57:51,196: INFO: common: created directory at: artifacts/prepare_base_model]
[2025-12-03 12:58:08,755: WARNING: saving_api: You are saving your model as an HDF5 file via `model.save()` or `keras.saving.save_model(model)`. This file format is considered legacy. We recommend using instead the native Keras format, e.g. `model.save('my_model.keras')` or `keras.saving.save_model(model, 'my_model.keras')`. ]
[2025-12-03 12:58:13,139: WARNING: saving_api: You are saving your model as an HDF5 file via `model.save()` or `keras.saving.save_model(model)`. This file format is considered legacy. We recommend using instead the native Keras format, e.g. `model.save('my_model.keras')` or `keras.saving.save_model(model, 'my_model.keras')`. ]
[2025-12-04 12:45:38,151: INFO: main: >>>>>> Data Ingestion Stage started <<<<<<]
[2025-12-04 12:45:38,882: INFO: common: YAML file config\config.yaml loaded successfully]
[2025-12-04 12:45:39,071: INFO: common: YAML file params.yaml loaded successfully]
[2025-12-04 12:45:39,072: INFO: common: created directory at: artifacts]
[2025-12-04 12:45:39,073: INFO: common: created directory at: artifacts/data_ingestion]
[2025-12-04 12:45:39,074: INFO: data_ingestion: File already exists of size: ~ 11345 KB]
[2025-12-04 12:45:49,000: INFO: main: >>>>>> Data Ingestion Stage completed <<<<<<

x==========x]
[2025-12-08 13:10:52,314: INFO: common: YAML file config\config.yaml loaded successfully]
[2025-12-08 13:10:52,809: INFO: common: YAML file params.yaml loaded successfully]
[2025-12-08 13:10:52,811: INFO: common: created directory at: artifacts]
[2025-12-08 13:12:37,664: INFO: common: YAML file config\config.yaml loaded successfully]
[2025-12-08 13:12:37,668: INFO: common: YAML file params.yaml loaded successfully]
[2025-12-08 13:12:37,671: INFO: common: created directory at: artifacts]
[2025-12-08 13:34:54,183: INFO: common: YAML file config\config.yaml loaded successfully]
[2025-12-08 13:34:54,228: INFO: common: YAML file params.yaml loaded successfully]
[2025-12-08 13:34:54,229: INFO: common: created directory at: artifacts]
[2025-12-08 13:34:54,335: INFO: common: created directory at: artifacts\prepare_callbacks\checkpoint_dir]
[2025-12-08 13:34:54,335: INFO: common: created directory at: artifacts\prepare_callbacks\tensorboard_log_dir]
